<?xml version="1.0" encoding="utf-8"?><testsuites name="pytest tests"><testsuite name="pytest" errors="0" failures="0" skipped="0" tests="15" time="33.757" timestamp="2026-06-20T08:40:36.293680+00:00" hostname="agent-env-b3ffb764-dfb9-42ca-9db9-a6b5f71a1c27"><testcase classname="backend.tests.backend_test" name="test_health" time="0.132" /><testcase classname="backend.tests.backend_test" name="test_auth_me_unauthenticated" time="0.043" /><testcase classname="backend.tests.backend_test" name="test_auth_me_authenticated" time="0.109" /><testcase classname="backend.tests.backend_test" name="test_onboarding_creates_profile_and_roadmap" time="5.387" /><testcase classname="backend.tests.backend_test" name="test_auth_me_after_onboarding" time="0.046" /><testcase classname="backend.tests.backend_test" name="test_get_roadmap" time="0.044" /><testcase classname="backend.tests.backend_test" name="test_today_tasks_four_items" time="4.455" /><testcase classname="backend.tests.backend_test" name="test_task_complete_idempotent" time="0.086" /><testcase classname="backend.tests.backend_test" name="test_quiz_generate_no_correct_index" time="5.997" /><testcase classname="backend.tests.backend_test" name="test_quiz_submit" time="0.052" /><testcase classname="backend.tests.backend_test" name="test_interview_start" time="1.091" /><testcase classname="backend.tests.backend_test" name="test_interview_completes_after_four_replies" time="3.490" /><testcase classname="backend.tests.backend_test" name="test_interview_evaluate" time="8.507" /><testcase classname="backend.tests.backend_test" name="test_mentor_review" time="4.082" /><testcase classname="backend.tests.backend_test" name="test_dashboard" time="0.047" /></testsuite></testsuites>